{
  "RSpec": {
    "coverage": {
      "/Users/christinegamble/turing/1module/projects/enigma/lib/character_map.rb": [
        1,
        1,
        24,
        null,
        null
      ],
      "/Users/christinegamble/turing/1module/projects/enigma/test/cracker_test.rb": [
        1,
        1,
        1,
        1,
        1,
        null,
        1,
        1,
        1,
        null,
        1,
        null,
        null,
        1,
        1,
        null,
        1,
        null,
        null,
        null,
        1,
        1,
        null,
        1,
        null,
        null,
        1,
        1,
        null,
        1,
        null,
        null,
        1,
        1,
        null,
        1,
        null,
        null,
        1,
        1,
        null,
        1,
        null,
        null,
        1,
        1,
        null,
        1,
        null,
        null,
        1,
        1,
        null,
        1,
        1,
        1,
        1,
        null,
        null,
        1,
        1,
        null,
        1,
        null,
        null,
        1,
        1,
        null,
        1,
        null,
        null
      ],
      "/Users/christinegamble/turing/1module/projects/enigma/lib/cracker.rb": [
        1,
        1,
        null,
        1,
        1,
        null,
        1,
        10,
        10,
        10,
        10,
        null,
        null,
        1,
        1,
        null,
        null,
        1,
        29,
        609,
        null,
        null,
        null,
        1,
        1,
        1,
        6,
        null,
        1,
        null,
        null,
        1,
        55,
        null,
        null,
        1,
        27,
        27,
        27,
        null,
        null,
        1,
        28,
        196,
        null,
        null,
        null,
        1,
        27,
        27,
        27,
        null,
        null,
        1,
        26,
        26,
        26,
        104,
        47,
        null,
        57,
        null,
        null,
        null,
        null,
        1,
        7,
        null,
        null,
        1,
        6,
        null,
        null,
        1,
        6,
        null,
        null,
        1,
        6,
        null,
        null,
        1,
        1,
        1,
        6,
        21,
        6,
        6,
        null,
        5,
        5,
        null,
        5,
        5,
        null,
        5,
        5,
        null,
        null,
        null,
        1,
        null,
        null,
        1,
        1,
        21,
        null,
        1,
        null,
        null
      ],
      "/Users/christinegamble/turing/1module/projects/enigma/lib/decryptor.rb": [
        1,
        1,
        null,
        1,
        1,
        null,
        1,
        6,
        6,
        6,
        6,
        6,
        null,
        null,
        1,
        2,
        2,
        2,
        2,
        null,
        null,
        1,
        11,
        275,
        null,
        null,
        null,
        1,
        9,
        9,
        63,
        null,
        9,
        null,
        null,
        1,
        6,
        6,
        42,
        150,
        42,
        42,
        null,
        36,
        36,
        null,
        36,
        36,
        null,
        36,
        36,
        null,
        null,
        null,
        6,
        null,
        null,
        1,
        3,
        75,
        null,
        3,
        null,
        null
      ],
      "/Users/christinegamble/turing/1module/projects/enigma/lib/rotator.rb": [
        1,
        1,
        null,
        1,
        17,
        17,
        17,
        null,
        null,
        1,
        373,
        null,
        null,
        1,
        100,
        null,
        null,
        1,
        86,
        null,
        null,
        1,
        86,
        null,
        null,
        1,
        86,
        null,
        null,
        1,
        99,
        null,
        null,
        1,
        85,
        null,
        null,
        1,
        85,
        null,
        null,
        1,
        85,
        null,
        null
      ],
      "/Users/christinegamble/turing/1module/projects/enigma/test/decryptor_test.rb": [
        1,
        1,
        1,
        1,
        1,
        null,
        1,
        1,
        1,
        null,
        1,
        1,
        1,
        null,
        null,
        1,
        1,
        1,
        null,
        1,
        null,
        null,
        1,
        1,
        1,
        null,
        1,
        null,
        null,
        1,
        1,
        1,
        null,
        1,
        null,
        null
      ],
      "/Users/christinegamble/turing/1module/projects/enigma/test/encryptor_test.rb": [
        1,
        1,
        1,
        1,
        1,
        null,
        1,
        1,
        1,
        null,
        1,
        1,
        null,
        null,
        1,
        1,
        1,
        1,
        null,
        null,
        1,
        1,
        1,
        null,
        1,
        null,
        null,
        1,
        1,
        1,
        null,
        1,
        null,
        null
      ],
      "/Users/christinegamble/turing/1module/projects/enigma/lib/encryptor.rb": [
        1,
        1,
        null,
        1,
        1,
        null,
        1,
        7,
        7,
        7,
        null,
        null,
        1,
        3,
        3,
        3,
        3,
        null,
        null,
        1,
        15,
        375,
        null,
        null,
        null,
        1,
        12,
        12,
        84,
        null,
        12,
        null,
        null,
        1,
        8,
        8,
        56,
        200,
        56,
        56,
        null,
        48,
        48,
        null,
        48,
        48,
        null,
        48,
        48,
        null,
        null,
        null,
        8,
        null,
        null,
        1,
        4,
        100,
        null,
        4,
        null,
        null
      ],
      "/Users/christinegamble/turing/1module/projects/enigma/test/enigma_test.rb": [
        1,
        1,
        1,
        1,
        1,
        null,
        1,
        1,
        1,
        1,
        1,
        null,
        1,
        null,
        null,
        1,
        1,
        1,
        1,
        null,
        1,
        null,
        null,
        1,
        1,
        1,
        1,
        null,
        1,
        null,
        null,
        1,
        1,
        1,
        1,
        null,
        1,
        null,
        null,
        1,
        1,
        1,
        1,
        null,
        1,
        null,
        null
      ],
      "/Users/christinegamble/turing/1module/projects/enigma/lib/enigma.rb": [
        1,
        1,
        1,
        null,
        1,
        1,
        3,
        null,
        null,
        1,
        2,
        null,
        null,
        1,
        0,
        null,
        null,
        null
      ],
      "/Users/christinegamble/turing/1module/projects/enigma/test/rotator_test.rb": [
        1,
        1,
        1,
        1,
        1,
        null,
        null,
        1,
        1,
        1,
        null,
        1,
        null,
        null,
        1,
        1,
        null,
        1,
        1,
        1,
        1,
        null,
        null,
        1,
        1,
        null,
        1,
        null,
        1,
        1,
        null,
        1,
        1,
        1,
        1,
        null,
        null
      ],
      "/Users/christinegamble/turing/1module/projects/enigma/test/test_helper.rb": [
        1,
        1
      ]
    },
    "timestamp": 1461864543
  },
  "Unit Tests": {
    "coverage": {
      "/Users/christinegamble/turing/1module/projects/enigma/lib/cracker.rb": [
        1,
        1,
        null,
        1,
        1,
        null,
        1,
        9,
        9,
        9,
        9,
        null,
        null,
        1,
        0,
        null,
        null,
        1,
        29,
        609,
        null,
        null,
        null,
        1,
        1,
        1,
        6,
        null,
        1,
        null,
        null,
        1,
        55,
        null,
        null,
        1,
        27,
        27,
        27,
        null,
        null,
        1,
        28,
        196,
        null,
        null,
        null,
        1,
        27,
        27,
        27,
        null,
        null,
        1,
        26,
        26,
        26,
        104,
        47,
        null,
        57,
        null,
        null,
        null,
        null,
        1,
        7,
        null,
        null,
        1,
        6,
        null,
        null,
        1,
        6,
        null,
        null,
        1,
        6,
        null,
        null,
        1,
        1,
        1,
        6,
        21,
        6,
        6,
        null,
        5,
        5,
        null,
        5,
        5,
        null,
        5,
        5,
        null,
        null,
        null,
        1,
        null,
        null,
        1,
        1,
        21,
        null,
        1,
        null,
        null
      ],
      "/Users/christinegamble/turing/1module/projects/enigma/lib/decryptor.rb": [
        1,
        1,
        null,
        1,
        1,
        null,
        1,
        0,
        0,
        0,
        0,
        0,
        null,
        null,
        1,
        0,
        0,
        0,
        0,
        null,
        null,
        1,
        0,
        0,
        null,
        null,
        null,
        1,
        0,
        0,
        0,
        null,
        0,
        null,
        null,
        1,
        0,
        0,
        0,
        0,
        0,
        0,
        null,
        0,
        0,
        null,
        0,
        0,
        null,
        0,
        0,
        null,
        null,
        null,
        0,
        null,
        null,
        1,
        0,
        0,
        null,
        0,
        null,
        null
      ],
      "/Users/christinegamble/turing/1module/projects/enigma/lib/rotator.rb": [
        1,
        1,
        null,
        1,
        0,
        0,
        0,
        null,
        null,
        1,
        0,
        null,
        null,
        1,
        0,
        null,
        null,
        1,
        0,
        null,
        null,
        1,
        0,
        null,
        null,
        1,
        0,
        null,
        null,
        1,
        0,
        null,
        null,
        1,
        0,
        null,
        null,
        1,
        0,
        null,
        null,
        1,
        0,
        null,
        null
      ],
      "/Users/christinegamble/turing/1module/projects/enigma/lib/character_map.rb": [
        1,
        1,
        9,
        null,
        null
      ]
    },
    "timestamp": 1461738133
  }
}
